<?xml version="1.0" encoding="UTF-8"?>
<testng-results skipped="0" failed="0" total="1" passed="1">
  <reporter-output>
  </reporter-output>
  <suite name="Default suite" duration-ms="24617" started-at="2018-03-11T06:34:30Z" finished-at="2018-03-11T06:34:55Z">
    <groups>
    </groups>
    <test name="Default test" duration-ms="24617" started-at="2018-03-11T06:34:30Z" finished-at="2018-03-11T06:34:55Z">
      <class name="OrangehrmTestscripts.syncronization">
        <test-method status="PASS" signature="test()[pri:0, instance:OrangehrmTestscripts.syncronization@457e2f02]" name="test" duration-ms="24598" started-at="2018-03-11T12:04:30Z" finished-at="2018-03-11T12:04:55Z">
          <reporter-output>
          </reporter-output>
        </test-method> <!-- test -->
      </class> <!-- OrangehrmTestscripts.syncronization -->
    </test> <!-- Default test -->
  </suite> <!-- Default suite -->
</testng-results>
